build/app/outputs/mapping/release/mapping.txt
# compiler: R8
# compiler_version: 1.5.64
# min_api: 16
# pg_map_id: 00a1601
...
io.flutter.embedding.engine.systemchannels.PlatformChannel$SoundType -> io.flutter.embedding.engine.i.f$i:
    io.flutter.embedding.engine.systemchannels.PlatformChannel$SoundType CLICK -> b
    java.lang.String encodedName -> a
    io.flutter.embedding.engine.systemchannels.PlatformChannel$SoundType[] $VALUES -> c
    io.flutter.embedding.engine.systemchannels.PlatformChannel$SoundType fromValue(java.lang.String) -> a
io.flutter.embedding.engine.systemchannels.PlatformChannel$SystemChromeStyle -> io.flutter.embedding.engine.i.f$j:
    java.lang.Integer systemNavigationBarColor -> c
    java.lang.Integer systemNavigationBarDividerColor -> e
    io.flutter.embedding.engine.systemchannels.PlatformChannel$Brightness systemNavigationBarIconBrightness -> d
    io.flutter.embedding.engine.systemchannels.PlatformChannel$Brightness statusBarIconBrightness -> b
    java.lang.Integer statusBarColor -> a
io.flutter.embedding.engine.systemchannels.PlatformChannel$SystemUiOverlay -> io.flutter.embedding.engine.i.f$k:
    io.flutter.embedding.engine.systemchannels.PlatformChannel$SystemUiOverlay TOP_OVERLAYS -> b
    io.flutter.embedding.engine.systemchannels.PlatformChannel$SystemUiOverlay BOTTOM_OVERLAYS -> c
    io.flutter.embedding.engine.systemchannels.PlatformChannel$SystemUiOverlay[] $VALUES -> d
    java.lang.String encodedName -> a
    io.flutter.embedding.engine.systemchannels.PlatformChannel$SystemUiOverlay fromValue(java.lang.String) -> a
io.flutter.embedding.engine.systemchannels.PlatformViewsChannel -> io.flutter.embedding.engine.i.g:
    io.flutter.plugin.common.MethodChannel$MethodCallHandler parsingHandler -> c
    io.flutter.embedding.engine.systemchannels.PlatformViewsChannel$PlatformViewsHandler handler -> b
    io.flutter.plugin.common.MethodChannel channel -> a
    io.flutter.embedding.engine.systemchannels.PlatformViewsChannel$PlatformViewsHandler access$000(io.flutter.embedding.engine.systemchannels.PlatformViewsChannel) -> a
    java.lang.String access$100(java.lang.Exception) -> a
    void invokeViewFocused(int) -> a
    void setPlatformViewsHandler(io.flutter.embedding.engine.systemchannels.PlatformViewsChannel$PlatformViewsHandler) -> a
    java.lang.String detailedExceptionString(java.lang.Exception) -> b
io.flutter.embedding.engine.systemchannels.PlatformViewsChannel$1 -> io.flutter.embedding.engine.i.g$a:
    io.flutter.embedding.engine.systemchannels.PlatformViewsChannel this$0 -> a
    void onMethodCall(io.flutter.plugin.common.MethodCall,io.flutter.plugin.common.MethodChannel$Result) -> a
    void clearFocus(io.flutter.plugin.common.MethodCall,io.flutter.plugin.common.MethodChannel$Result) -> b
    void create(io.flutter.plugin.common.MethodCall,io.flutter.plugin.common.MethodChannel$Result) -> c
    void dispose(io.flutter.plugin.common.MethodCall,io.flutter.plugin.common.MethodChannel$Result) -> d
    void resize(io.flutter.plugin.common.MethodCall,io.flutter.plugin.common.MethodChannel$Result) -> e
    void setDirection(io.flutter.plugin.common.MethodCall,io.flutter.plugin.common.MethodChannel$Result) -> f
    void touch(io.flutter.plugin.common.MethodCall,io.flutter.plugin.common.MethodChannel$Result) -> g
io.flutter.embedding.engine.systemchannels.PlatformViewsChannel$1$1 -> io.flutter.embedding.engine.i.g$a$a:
    io.flutter.plugin.common.MethodChannel$Result val$result -> a
io.flutter.embedding.engine.systemchannels.PlatformViewsChannel$PlatformViewCreationRequest -> io.flutter.embedding.engine.i.g$b:
    java.nio.ByteBuffer params -> f
    double logicalWidth -> c
    double logicalHeight -> d
    int direction -> e
    java.lang.String viewType -> b
    int viewId -> a
io.flutter.embedding.engine.systemchannels.PlatformViewsChannel$PlatformViewResizeRequest -> io.flutter.embedding.engine.i.g$c:
    double newLogicalWidth -> b
    double newLogicalHeight -> c
    int viewId -> a